<?xml version="1.0" encoding="UTF-8"?>
<!-- Generated by org.testng.reporters.JUnitReportReporter -->
<testsuite hostname="DESKTOP-V4LMU9K" failures="0" tests="2" name="testngtest.CheckingTestNG" time="0.008" errors="0" timestamp="2023-01-27T18:27:39 IST" skipped="1">
  <testcase classname="testngtest.CheckingTestNG" name="ab" time="0.008"/>
  <system-out>
    <![CDATA[checking report]]>
  </system-out>
  <testcase classname="testngtest.CheckingTestNG" name="ba">
    <skipped/>
  </testcase> <!-- ba -->
  <system-out/>
</testsuite> <!-- testngtest.CheckingTestNG -->
